<?xml version="1.0" encoding="UTF-8"?>
<!-- Generated by org.testng.reporters.JUnitReportReporter -->
<testsuite skipped="0" hostname="DESKTOP-3HB8IKU" name="Login.Webelement_List" tests="1" failures="0" timestamp="17 May 2019 13:35:46 GMT" time="3.452" errors="0">
  <testcase name="SelectClass_DD" time="3.452" classname="Login.Webelement_List"/>
</testsuite> <!-- Login.Webelement_List -->
