<?xml version="1.0" encoding="UTF-8"?>
<!-- Generated by org.testng.reporters.JUnitReportReporter -->
<testsuite skipped="0" hostname="DESKTOP-3HB8IKU" name="Login.Notification_POpup" tests="1" failures="0" timestamp="13 May 2019 12:51:29 GMT" time="19.244" errors="0">
  <testcase name="test" time="19.244" classname="Login.Notification_POpup"/>
</testsuite> <!-- Login.Notification_POpup -->
